0 info it worked if it ends with ok
1 verbose cli [ '/usr/local/bin/node',
1 verbose cli   '/usr/local/bin/npm',
1 verbose cli   'install',
1 verbose cli   '-g',
1 verbose cli   'grunt-cli' ]
2 info using npm@1.3.11
3 info using node@v0.10.21
4 verbose cache add [ 'grunt-cli', null ]
5 verbose cache add name=undefined spec="grunt-cli" args=["grunt-cli",null]
6 verbose parsed url { protocol: null,
6 verbose parsed url   slashes: null,
6 verbose parsed url   auth: null,
6 verbose parsed url   host: null,
6 verbose parsed url   port: null,
6 verbose parsed url   hostname: null,
6 verbose parsed url   hash: null,
6 verbose parsed url   search: null,
6 verbose parsed url   query: null,
6 verbose parsed url   pathname: 'grunt-cli',
6 verbose parsed url   path: 'grunt-cli',
6 verbose parsed url   href: 'grunt-cli' }
7 silly lockFile 671ef8ac-grunt-cli grunt-cli
8 verbose lock grunt-cli /home/vagrant/.npm/671ef8ac-grunt-cli.lock
9 silly lockFile 671ef8ac-grunt-cli grunt-cli
10 silly lockFile 671ef8ac-grunt-cli grunt-cli
11 verbose addNamed [ 'grunt-cli', '' ]
12 verbose addNamed [ null, '*' ]
13 silly lockFile d63f3d0b-grunt-cli grunt-cli@
14 verbose lock grunt-cli@ /home/vagrant/.npm/d63f3d0b-grunt-cli.lock
15 silly addNameRange { name: 'grunt-cli', range: '*', hasData: false }
16 verbose url raw grunt-cli
17 verbose url resolving [ 'https://registry.npmjs.org/', './grunt-cli' ]
18 verbose url resolved https://registry.npmjs.org/grunt-cli
19 info trying registry request attempt 1 at 17:31:30
20 http GET https://registry.npmjs.org/grunt-cli
21 http 200 https://registry.npmjs.org/grunt-cli
22 silly registry.get cb [ 200,
22 silly registry.get   { vary: 'Accept',
22 silly registry.get     server: 'CouchDB/1.3.1 (Erlang OTP/R15B03)',
22 silly registry.get     etag: '"5PSGLO3FKXEMNFXI3ORHM373"',
22 silly registry.get     date: 'Sun, 10 Nov 2013 17:36:38 GMT',
22 silly registry.get     'content-type': 'application/json',
22 silly registry.get     'content-length': '25807' } ]
23 silly addNameRange number 2 { name: 'grunt-cli', range: '*', hasData: true }
24 silly addNameRange versions [ 'grunt-cli',
24 silly addNameRange   [ '0.1.0',
24 silly addNameRange     '0.1.1',
24 silly addNameRange     '0.1.2',
24 silly addNameRange     '0.1.3',
24 silly addNameRange     '0.1.4',
24 silly addNameRange     '0.1.5',
24 silly addNameRange     '0.1.6',
24 silly addNameRange     '0.1.7',
24 silly addNameRange     '0.1.8',
24 silly addNameRange     '0.1.9',
24 silly addNameRange     '0.1.10' ] ]
25 verbose addNamed [ 'grunt-cli', '0.1.10' ]
26 verbose addNamed [ '0.1.10', '0.1.10' ]
27 silly lockFile 6efedb5f-grunt-cli-0-1-10 grunt-cli@0.1.10
28 verbose lock grunt-cli@0.1.10 /home/vagrant/.npm/6efedb5f-grunt-cli-0-1-10.lock
29 silly lockFile 1ce0e4da-g-grunt-cli-grunt-cli-0-1-10-tgz https://registry.npmjs.org/grunt-cli/-/grunt-cli-0.1.10.tgz
30 verbose lock https://registry.npmjs.org/grunt-cli/-/grunt-cli-0.1.10.tgz /home/vagrant/.npm/1ce0e4da-g-grunt-cli-grunt-cli-0-1-10-tgz.lock
31 verbose addRemoteTarball [ 'https://registry.npmjs.org/grunt-cli/-/grunt-cli-0.1.10.tgz',
31 verbose addRemoteTarball   'cba4bdab74df4336f5ba7335a9f22d97a1f2dd3a' ]
32 silly lockFile 1ce0e4da-g-grunt-cli-grunt-cli-0-1-10-tgz https://registry.npmjs.org/grunt-cli/-/grunt-cli-0.1.10.tgz
33 silly lockFile 1ce0e4da-g-grunt-cli-grunt-cli-0-1-10-tgz https://registry.npmjs.org/grunt-cli/-/grunt-cli-0.1.10.tgz
34 silly lockFile 6efedb5f-grunt-cli-0-1-10 grunt-cli@0.1.10
35 silly lockFile 6efedb5f-grunt-cli-0-1-10 grunt-cli@0.1.10
36 silly lockFile d63f3d0b-grunt-cli grunt-cli@
37 silly lockFile d63f3d0b-grunt-cli grunt-cli@
38 error Error: EACCES, mkdir '/home/vagrant/tmp/npm-5710-fh_t4ARv'
38 error  { [Error: EACCES, mkdir '/home/vagrant/tmp/npm-5710-fh_t4ARv']
38 error   errno: 3,
38 error   code: 'EACCES',
38 error   path: '/home/vagrant/tmp/npm-5710-fh_t4ARv' }
39 error Please try running this command again as root/Administrator.
40 error System Linux 3.5.0-23-generic
41 error command "/usr/local/bin/node" "/usr/local/bin/npm" "install" "-g" "grunt-cli"
42 error cwd /var/www/pinternship.com
43 error node -v v0.10.21
44 error npm -v 1.3.11
45 error path /home/vagrant/tmp/npm-5710-fh_t4ARv
46 error code EACCES
47 error errno 3
48 error stack Error: EACCES, mkdir '/home/vagrant/tmp/npm-5710-fh_t4ARv'
49 verbose exit [ 3, true ]
